0 info it worked if it ends with ok
1 verbose cli [ '/usr/local/Cellar/node/7.5.0/bin/node',
1 verbose cli   '/usr/local/bin/npm',
1 verbose cli   'start' ]
2 info using npm@4.1.2
3 info using node@v7.5.0
4 verbose run-script [ 'prestart', 'start', 'poststart' ]
5 info lifecycle cityio@0.0.0~prestart: cityio@0.0.0
6 verbose lifecycle cityio@0.0.0~prestart: unsafe-perm in lifecycle true
7 verbose lifecycle cityio@0.0.0~prestart: PATH: /usr/local/lib/node_modules/npm/bin/node-gyp-bin:/Users/yasushisakai/code/ChangingPlaces/cityio/node_modules/.bin:/Users/yasushisakai/anaconda/bin:/usr/local/bin:/usr/bin:/bin:/usr/sbin:/sbin:/usr/local/git/bin:/Library/TeX/texbin:/usr/local/CrossPack-AVR/bin
8 verbose lifecycle cityio@0.0.0~prestart: CWD: /Users/yasushisakai/code/ChangingPlaces/cityio
9 silly lifecycle cityio@0.0.0~prestart: Args: [ '-c',
9 silly lifecycle   'babel src -d bin && cp src/config/firebase_credentials.json bin/config' ]
10 silly lifecycle cityio@0.0.0~prestart: Returned: code: 0  signal: null
11 info lifecycle cityio@0.0.0~start: cityio@0.0.0
12 verbose lifecycle cityio@0.0.0~start: unsafe-perm in lifecycle true
13 verbose lifecycle cityio@0.0.0~start: PATH: /usr/local/lib/node_modules/npm/bin/node-gyp-bin:/Users/yasushisakai/code/ChangingPlaces/cityio/node_modules/.bin:/Users/yasushisakai/anaconda/bin:/usr/local/bin:/usr/bin:/bin:/usr/sbin:/sbin:/usr/local/git/bin:/Library/TeX/texbin:/usr/local/CrossPack-AVR/bin
14 verbose lifecycle cityio@0.0.0~start: CWD: /Users/yasushisakai/code/ChangingPlaces/cityio
15 silly lifecycle cityio@0.0.0~start: Args: [ '-c', 'node bin/index.js' ]
16 silly lifecycle cityio@0.0.0~start: Returned: code: 1  signal: null
17 info lifecycle cityio@0.0.0~start: Failed to exec start script
18 verbose stack Error: cityio@0.0.0 start: `node bin/index.js`
18 verbose stack Exit status 1
18 verbose stack     at EventEmitter.<anonymous> (/usr/local/lib/node_modules/npm/lib/utils/lifecycle.js:279:16)
18 verbose stack     at emitTwo (events.js:106:13)
18 verbose stack     at EventEmitter.emit (events.js:192:7)
18 verbose stack     at ChildProcess.<anonymous> (/usr/local/lib/node_modules/npm/lib/utils/spawn.js:40:14)
18 verbose stack     at emitTwo (events.js:106:13)
18 verbose stack     at ChildProcess.emit (events.js:192:7)
18 verbose stack     at maybeClose (internal/child_process.js:890:16)
18 verbose stack     at Process.ChildProcess._handle.onexit (internal/child_process.js:226:5)
19 verbose pkgid cityio@0.0.0
20 verbose cwd /Users/yasushisakai/code/ChangingPlaces/cityio
21 error Darwin 15.6.0
22 error argv "/usr/local/Cellar/node/7.5.0/bin/node" "/usr/local/bin/npm" "start"
23 error node v7.5.0
24 error npm  v4.1.2
25 error code ELIFECYCLE
26 error cityio@0.0.0 start: `node bin/index.js`
26 error Exit status 1
27 error Failed at the cityio@0.0.0 start script 'node bin/index.js'.
27 error Make sure you have the latest version of node.js and npm installed.
27 error If you do, this is most likely a problem with the cityio package,
27 error not with npm itself.
27 error Tell the author that this fails on your system:
27 error     node bin/index.js
27 error You can get information on how to open an issue for this project with:
27 error     npm bugs cityio
27 error Or if that isn't available, you can get their info via:
27 error     npm owner ls cityio
27 error There is likely additional logging output above.
28 verbose exit [ 1, true ]
